2024-01-11 01:55:22.741 - DBeaver 23.3.0.202312122044 is starting
2024-01-11 01:55:22.744 - OS: Windows 11 10.0 (amd64)
2024-01-11 01:55:22.744 - Java version: 17.0.6 by Eclipse Adoptium (64bit)
2024-01-11 01:55:22.744 - Install path: 'C:\docker\workshoppdi\dbeaver-portable\app'
2024-01-11 01:55:22.744 - Instance path: 'file:/C:/docker/workshoppdi/dbeaver-portable/data/'
2024-01-11 01:55:22.744 - Memory available 64Mb/1024Mb
2024-01-11 01:55:22.763 - Create display
> Start Eclipse IDE UI [org.eclipse.ui.ide 3.21.100.v20230825-1346]
2024-01-11 01:55:22.985 - Initializing DBeaver 23.3.0
2024-01-11 01:55:22.985 - Host plugin: org.jkiss.dbeaver.ui.app.standalone 23.3.0.202312122044
2024-01-11 01:55:22.985 - Initialize desktop platform...
2024-01-11 01:55:22.985 - Language for locale 'pt_BR' not found. Use default.
2024-01-11 01:55:23.255 - BounceCastle bundle found. Use JCE provider BC
> Start Core File Systems [org.eclipse.core.filesystem 1.10.100.v20230717-1727]
> Start Core Resource Management [org.eclipse.core.resources 3.19.100.v20230814-1312]
> Start Core de Suporte para Equipe [org.eclipse.team.core 3.10.100.v20230726-0617]
> Start DBeaver UI Navigator [org.jkiss.dbeaver.ui.navigator 1.0.120.202312122044]
2024-01-11 01:55:23.719 - Initialize base platform...
2024-01-11 01:55:23.760 - Platform initialized (775ms)
2024-01-11 01:55:23.830 - Starting instance server at http://localhost:61306
2024-01-11 01:55:23.843 - Run workbench
> Start DBeaver UI [org.jkiss.dbeaver.ui 5.1.135.202312122044]
> Start Eclipse e4 Workbench SWT [org.eclipse.e4.ui.workbench.swt 0.17.100.v20230727-0604]
> Start Eclipse Application Services [org.eclipse.e4.core.services 2.4.100.v20230708-0809]
> Start Eclipse UI Application Services [org.eclipse.e4.ui.services 1.6.100.v20230630-1554]
> Start Eclipse e4 Progress View [org.eclipse.e4.ui.progress 0.4.100.v20230727-0604]
> Start Eclipse Bindings Support [org.eclipse.e4.ui.bindings 0.14.100.v20230630-1554]
> Start Eclipse e4 core commands [org.eclipse.e4.core.commands 1.1.100.v20230630-1554]
> Start EMF XML/XMI Persistence [org.eclipse.emf.ecore.xmi 2.35.0.v20230801-1141]
> Start Eclipse CSS SWT Theme Support [org.eclipse.e4.ui.css.swt.theme 0.14.100.v20230727-0604]
> Start Eclipse e4 Workbench Add-ons [org.eclipse.e4.ui.workbench.addons.swt 1.5.100.v20230727-0604]
> Start Eclipse e4 Workbench SWT Renderer [org.eclipse.e4.ui.workbench.renderers.swt 0.16.100.v20230801-1255]
> Start Eclipse Dependency Injection Extensions [org.eclipse.e4.core.di.extensions 0.18.0.v20230429-1914]
> Start Eclipse CSS SWT Support [org.eclipse.e4.ui.css.swt 0.15.100.v20230727-0604]
> Start jna [com.sun.jna 5.13.0.v20230812-1000]
Warning: NLS unused message: BlockedJobsDialog_UserInterfaceTreeElement in: org.eclipse.ui.internal.progress.messages
2024-01-11 01:55:26.416 - Configure workbench window
> Start DBeaver SQL Model [org.jkiss.dbeaver.model.sql 1.0.110.202312122044]
2024-01-11 01:55:26.653 - Total database drivers: 108 (108)
> Start Core do Sistema de Ajuda [org.eclipse.help 3.10.100.v20230726-0617]
2024-01-11 01:55:26.756 - Create actions
2024-01-11 01:55:26.770 - Disable Eclipse action set 'org.eclipse.ui.edit.text.actionSet.annotationNavigation'
2024-01-11 01:55:26.771 - Disable Eclipse action set 'org.eclipse.ui.WorkingSetActionSet'
2024-01-11 01:55:26.771 - Disable Eclipse action set 'org.eclipse.ui.actionSet.openFiles'
Warning: NLS unused message: dialog_connection_edit_wizard_data_format in: org.jkiss.dbeaver.core.CoreResources
Warning: NLS unused message: dialog_connection_edit_wizard_data_format_description in: org.jkiss.dbeaver.core.CoreResources
Warning: NLS unused message: dialog_connection_edit_wizard_editors in: org.jkiss.dbeaver.core.CoreResources
Warning: NLS unused message: dialog_connection_edit_wizard_editors_description in: org.jkiss.dbeaver.core.CoreResources
Warning: NLS unused message: dialog_connection_edit_wizard_presentation in: org.jkiss.dbeaver.core.CoreResources
Warning: NLS unused message: dialog_connection_edit_wizard_presentation_description in: org.jkiss.dbeaver.core.CoreResources
Warning: NLS unused message: dialog_connection_edit_wizard_resultset in: org.jkiss.dbeaver.core.CoreResources
Warning: NLS unused message: dialog_connection_edit_wizard_resultset_description in: org.jkiss.dbeaver.core.CoreResources
Warning: NLS unused message: dialog_connection_edit_wizard_sql_code_completion in: org.jkiss.dbeaver.core.CoreResources
Warning: NLS unused message: dialog_connection_edit_wizard_sql_code_completion_description in: org.jkiss.dbeaver.core.CoreResources
Warning: NLS unused message: dialog_connection_edit_wizard_sql_editor in: org.jkiss.dbeaver.core.CoreResources
Warning: NLS unused message: dialog_connection_edit_wizard_sql_editor_description in: org.jkiss.dbeaver.core.CoreResources
Warning: NLS unused message: dialog_connection_edit_wizard_sql_formatting in: org.jkiss.dbeaver.core.CoreResources
Warning: NLS unused message: dialog_connection_edit_wizard_sql_formatting_description in: org.jkiss.dbeaver.core.CoreResources
Warning: NLS unused message: dialog_connection_edit_wizard_sql_processing in: org.jkiss.dbeaver.core.CoreResources
Warning: NLS unused message: dialog_connection_edit_wizard_sql_processing_description in: org.jkiss.dbeaver.core.CoreResources
Warning: NLS unused message: notification_org_jkiss_dbeaver_ui_actions_common_uuid_copy in: org.jkiss.dbeaver.core.CoreResources
Warning: NLS unused message: notification_org_jkiss_dbeaver_ui_actions_common_uuid_copy_text in: org.jkiss.dbeaver.core.CoreResources
2024-01-11 01:55:27.328 - Initialize workbench window
2024-01-11 01:55:27.335 - Finish initialization
> Start DBeaver UI Editors - Data [org.jkiss.dbeaver.ui.editors.data 1.0.120.202312122044]
> Start Internet Connection Management UI [org.eclipse.ui.net 1.5.100.v20230726-0617]
> Start Internet Connection Management [org.eclipse.core.net 1.5.100.v20230630-1232]
> Start DBeaver UI Editors - SQL [org.jkiss.dbeaver.ui.editors.sql 1.0.120.202312122044]
> Start DBeaver Sample Database [org.jkiss.dbeaver.ext.sample.database 1.0.157.202312122044]
> Start DBeaver Tip of the day [org.jkiss.dbeaver.ext.ui.tipoftheday 1.0.126.202312122044]
> Start GEF Classic Draw2d [org.eclipse.draw2d 3.14.0.202308311129]
> Start GEF Classic GEF (MVC) [org.eclipse.gef 3.15.0.202308311129]
> Start DBeaver ERD UI [org.jkiss.dbeaver.erd.ui 3.0.80.202312122044]
> Start DBeaver ERD Model [org.jkiss.dbeaver.erd.model 1.0.80.202312122044]
> Start Editor de Texto Padrão [org.eclipse.ui.editors 3.17.0.v20230821-1342]
> Start Workbench [org.eclipse.ui.workbench.texteditor 3.17.100.v20230821-0745]
2024-01-11 01:55:54.457 - Connect with 'postgres' (postgres-jdbc-18cf5f654b6-37a3f900aeee3ab8)
> Start DBeaver JDBC Model [org.jkiss.dbeaver.model.jdbc 1.0.13.202312122044]
> Start DBeaver PostgreSQL Model [org.jkiss.dbeaver.ext.postgresql 2.1.193.202312122044]
> Start DBeaver GIS Support [org.jkiss.dbeaver.data.gis 1.0.144.202312122044]
2024-01-11 01:55:54.594 - Execution context opened (postgres; Main <postgres>; 0)
2024-01-11 01:55:54.597 - Initiate connection to PostgreSQL database [postgres@localhost] for Main <postgres>
2024-01-11 01:55:54.899 - Execution context opened (postgres; Metadata <postgres>; 1)
2024-01-11 01:55:54.899 - Initiate connection to PostgreSQL database [postgres@localhost] for Metadata <postgres>
2024-01-11 01:55:55.003 - Connected (postgres-jdbc-18cf5f654b6-37a3f900aeee3ab8, PostgreSQL JDBC Driver [42.5.2])
> Start DBeaver PostgreSQL UI [org.jkiss.dbeaver.ext.postgresql.ui 1.0.96.202312122044]
> Start DBeaver SQL Terminal [org.jkiss.dbeaver.ui.editors.sql.terminal 1.0.96.202312122044]
> Start Núcleo de Suporte a Comparação [org.eclipse.compare.core 3.8.100.v20230726-0617]
> Start Console [org.eclipse.ui.console 3.13.0.v20230726-0617]
Warning: NLS unused message: InputStreamMonitor_label in: org.eclipse.debug.internal.core.DebugCoreMessages
Warning: NLS unused message: OutputStreamMonitor_label in: org.eclipse.debug.internal.core.DebugCoreMessages
> Start Depurar Core [org.eclipse.debug.core 3.21.100.v20230731-1425]
2024-01-11 02:07:43.885 - Execution context opened (postgres; SQLEditor <Script.sql>; 2)
2024-01-11 02:07:43.885 - Initiate connection to PostgreSQL database [postgres@localhost] for SQLEditor <Script.sql>
> Start DBeaver Tasks - Native Tools UI [org.jkiss.dbeaver.tasks.native.ui 1.0.98.202312122044]
> Start DBeaver Tasks - General UI [org.jkiss.dbeaver.tasks.ui 1.0.98.202312122044]
2024-01-11 02:09:53.334 - Execution context closed (postgres, 2)
> Start DBeaver UI Editors - Connections [org.jkiss.dbeaver.ui.editors.connection 1.0.111.202312122044]
2024-01-11 02:21:35.876 - Invalidate datasource 'postgres' (postgres-jdbc-18cf5f654b6-37a3f900aeee3ab8)
2024-01-11 02:21:35.876 - 	Invalidate context 'Main <postgres>' for postgres-jdbc-18cf5f654b6-37a3f900aeee3ab8
2024-01-11 02:21:35.928 - Execution context closed (postgres, 0)
2024-01-11 02:21:35.928 - Initiate connection to PostgreSQL database [postgres@localhost] for Main <postgres>
2024-01-11 02:21:35.961 - 	Invalidate context 'Metadata <postgres>' for postgres-jdbc-18cf5f654b6-37a3f900aeee3ab8
2024-01-11 02:21:36.012 - Execution context closed (postgres, 1)
2024-01-11 02:21:36.012 - Initiate connection to PostgreSQL database [postgres@localhost] for Metadata <postgres>
2024-01-11 02:21:36.048 - Connections reopened: 2 (of 2)
