2024-01-10 21:42:49.870 - DBeaver 23.3.0.202312122044 is starting
2024-01-10 21:42:49.870 - OS: Windows 11 10.0 (amd64)
2024-01-10 21:42:49.870 - Java version: 17.0.6 by Eclipse Adoptium (64bit)
2024-01-10 21:42:49.870 - Install path: 'C:\portapps\dbeaver-portable\app'
2024-01-10 21:42:49.870 - Instance path: 'file:/C:/portapps/dbeaver-portable/data/'
2024-01-10 21:42:49.870 - Memory available 64Mb/1024Mb
2024-01-10 21:42:49.895 - Create display
> Start Eclipse IDE UI [org.eclipse.ui.ide 3.21.100.v20230825-1346]
2024-01-10 21:42:50.030 - Initializing DBeaver 23.3.0
2024-01-10 21:42:50.030 - Host plugin: org.jkiss.dbeaver.ui.app.standalone 23.3.0.202312122044
2024-01-10 21:42:50.030 - Initialize desktop platform...
2024-01-10 21:42:50.030 - Language for locale 'pt_BR' not found. Use default.
2024-01-10 21:42:50.183 - BounceCastle bundle found. Use JCE provider BC
> Start Core File Systems [org.eclipse.core.filesystem 1.10.100.v20230717-1727]
> Start Core Resource Management [org.eclipse.core.resources 3.19.100.v20230814-1312]
> Start Core de Suporte para Equipe [org.eclipse.team.core 3.10.100.v20230726-0617]
> Start DBeaver UI Navigator [org.jkiss.dbeaver.ui.navigator 1.0.120.202312122044]
2024-01-10 21:42:50.468 - Initialize base platform...
2024-01-10 21:42:50.489 - Platform initialized (459ms)
2024-01-10 21:42:50.540 - Starting instance server at http://localhost:49741
2024-01-10 21:42:50.547 - Run workbench
> Start DBeaver UI [org.jkiss.dbeaver.ui 5.1.135.202312122044]
> Start Eclipse e4 Workbench SWT [org.eclipse.e4.ui.workbench.swt 0.17.100.v20230727-0604]
> Start Eclipse Application Services [org.eclipse.e4.core.services 2.4.100.v20230708-0809]
> Start Eclipse UI Application Services [org.eclipse.e4.ui.services 1.6.100.v20230630-1554]
> Start Eclipse e4 Progress View [org.eclipse.e4.ui.progress 0.4.100.v20230727-0604]
> Start Eclipse Bindings Support [org.eclipse.e4.ui.bindings 0.14.100.v20230630-1554]
> Start Eclipse e4 core commands [org.eclipse.e4.core.commands 1.1.100.v20230630-1554]
> Start EMF XML/XMI Persistence [org.eclipse.emf.ecore.xmi 2.35.0.v20230801-1141]
> Start Eclipse CSS SWT Theme Support [org.eclipse.e4.ui.css.swt.theme 0.14.100.v20230727-0604]
> Start Eclipse e4 Workbench Add-ons [org.eclipse.e4.ui.workbench.addons.swt 1.5.100.v20230727-0604]
> Start Eclipse e4 Workbench SWT Renderer [org.eclipse.e4.ui.workbench.renderers.swt 0.16.100.v20230801-1255]
> Start Eclipse Dependency Injection Extensions [org.eclipse.e4.core.di.extensions 0.18.0.v20230429-1914]
> Start Eclipse CSS SWT Support [org.eclipse.e4.ui.css.swt 0.15.100.v20230727-0604]
> Start jna [com.sun.jna 5.13.0.v20230812-1000]
Warning: NLS unused message: BlockedJobsDialog_UserInterfaceTreeElement in: org.eclipse.ui.internal.progress.messages
2024-01-10 21:42:52.206 - Configure workbench window
> Start DBeaver SQL Model [org.jkiss.dbeaver.model.sql 1.0.110.202312122044]
2024-01-10 21:42:52.366 - Total database drivers: 108 (108)
> Start Core do Sistema de Ajuda [org.eclipse.help 3.10.100.v20230726-0617]
2024-01-10 21:42:52.445 - Create actions
2024-01-10 21:42:52.451 - Disable Eclipse action set 'org.eclipse.ui.edit.text.actionSet.annotationNavigation'
2024-01-10 21:42:52.451 - Disable Eclipse action set 'org.eclipse.ui.WorkingSetActionSet'
2024-01-10 21:42:52.451 - Disable Eclipse action set 'org.eclipse.ui.actionSet.openFiles'
Warning: NLS unused message: dialog_connection_edit_wizard_data_format in: org.jkiss.dbeaver.core.CoreResources
Warning: NLS unused message: dialog_connection_edit_wizard_data_format_description in: org.jkiss.dbeaver.core.CoreResources
Warning: NLS unused message: dialog_connection_edit_wizard_editors in: org.jkiss.dbeaver.core.CoreResources
Warning: NLS unused message: dialog_connection_edit_wizard_editors_description in: org.jkiss.dbeaver.core.CoreResources
Warning: NLS unused message: dialog_connection_edit_wizard_presentation in: org.jkiss.dbeaver.core.CoreResources
Warning: NLS unused message: dialog_connection_edit_wizard_presentation_description in: org.jkiss.dbeaver.core.CoreResources
Warning: NLS unused message: dialog_connection_edit_wizard_resultset in: org.jkiss.dbeaver.core.CoreResources
Warning: NLS unused message: dialog_connection_edit_wizard_resultset_description in: org.jkiss.dbeaver.core.CoreResources
Warning: NLS unused message: dialog_connection_edit_wizard_sql_code_completion in: org.jkiss.dbeaver.core.CoreResources
Warning: NLS unused message: dialog_connection_edit_wizard_sql_code_completion_description in: org.jkiss.dbeaver.core.CoreResources
Warning: NLS unused message: dialog_connection_edit_wizard_sql_editor in: org.jkiss.dbeaver.core.CoreResources
Warning: NLS unused message: dialog_connection_edit_wizard_sql_editor_description in: org.jkiss.dbeaver.core.CoreResources
Warning: NLS unused message: dialog_connection_edit_wizard_sql_formatting in: org.jkiss.dbeaver.core.CoreResources
Warning: NLS unused message: dialog_connection_edit_wizard_sql_formatting_description in: org.jkiss.dbeaver.core.CoreResources
Warning: NLS unused message: dialog_connection_edit_wizard_sql_processing in: org.jkiss.dbeaver.core.CoreResources
Warning: NLS unused message: dialog_connection_edit_wizard_sql_processing_description in: org.jkiss.dbeaver.core.CoreResources
Warning: NLS unused message: notification_org_jkiss_dbeaver_ui_actions_common_uuid_copy in: org.jkiss.dbeaver.core.CoreResources
Warning: NLS unused message: notification_org_jkiss_dbeaver_ui_actions_common_uuid_copy_text in: org.jkiss.dbeaver.core.CoreResources
2024-01-10 21:42:52.929 - Initialize workbench window
2024-01-10 21:42:52.937 - Finish initialization
> Start DBeaver UI Editors - Data [org.jkiss.dbeaver.ui.editors.data 1.0.120.202312122044]
> Start Internet Connection Management UI [org.eclipse.ui.net 1.5.100.v20230726-0617]
> Start Internet Connection Management [org.eclipse.core.net 1.5.100.v20230630-1232]
> Start DBeaver UI Editors - SQL [org.jkiss.dbeaver.ui.editors.sql 1.0.120.202312122044]
> Start DBeaver Sample Database [org.jkiss.dbeaver.ext.sample.database 1.0.157.202312122044]
> Start DBeaver Tip of the day [org.jkiss.dbeaver.ext.ui.tipoftheday 1.0.126.202312122044]
> Start GEF Classic Draw2d [org.eclipse.draw2d 3.14.0.202308311129]
> Start GEF Classic GEF (MVC) [org.eclipse.gef 3.15.0.202308311129]
> Start DBeaver ERD UI [org.jkiss.dbeaver.erd.ui 3.0.80.202312122044]
> Start DBeaver ERD Model [org.jkiss.dbeaver.erd.model 1.0.80.202312122044]
> Start Editor de Texto Padrão [org.eclipse.ui.editors 3.17.0.v20230821-1342]
> Start Workbench [org.eclipse.ui.workbench.texteditor 3.17.100.v20230821-0745]
2024-01-10 21:43:05.875 - DBeaver is stopping
2024-01-10 21:43:05.877 - Stop instance server
2024-01-10 21:43:06.877 - DBeaver shutdown completed
